INFO 2026-03-07 18:03:58,936 autoreload Watching for file changes with StatReloader
INFO 2026-03-07 18:05:25,409 autoreload /Users/app/Desktop/Appointment Management System/appointments/views.py changed, reloading.
INFO 2026-03-07 18:05:25,943 autoreload Watching for file changes with StatReloader
INFO 2026-03-07 18:05:30,357 autoreload /Users/app/Desktop/Appointment Management System/appointments/views.py changed, reloading.
INFO 2026-03-07 18:05:31,081 autoreload Watching for file changes with StatReloader
INFO 2026-03-07 18:05:35,601 autoreload /Users/app/Desktop/Appointment Management System/appointments/views.py changed, reloading.
INFO 2026-03-07 18:05:36,118 autoreload Watching for file changes with StatReloader
INFO 2026-03-07 18:05:39,409 autoreload /Users/app/Desktop/Appointment Management System/appointments/views.py changed, reloading.
INFO 2026-03-07 18:05:39,880 autoreload Watching for file changes with StatReloader
INFO 2026-03-07 18:05:42,392 autoreload /Users/app/Desktop/Appointment Management System/appointments/views.py changed, reloading.
INFO 2026-03-07 18:05:42,850 autoreload Watching for file changes with StatReloader
INFO 2026-03-07 18:05:45,347 autoreload /Users/app/Desktop/Appointment Management System/appointments/views.py changed, reloading.
INFO 2026-03-07 18:05:46,049 autoreload Watching for file changes with StatReloader
INFO 2026-03-07 18:05:50,577 autoreload /Users/app/Desktop/Appointment Management System/appointments/views.py changed, reloading.
INFO 2026-03-07 18:05:51,088 autoreload Watching for file changes with StatReloader
INFO 2026-03-07 18:09:24,048 autoreload /Users/app/Desktop/Appointment Management System/clinicflow/settings.py changed, reloading.
INFO 2026-03-07 18:09:24,582 autoreload Watching for file changes with StatReloader
INFO 2026-03-07 18:09:34,358 autoreload /Users/app/Desktop/Appointment Management System/clinicflow/settings.py changed, reloading.
INFO 2026-03-07 18:12:54,910 autoreload Watching for file changes with StatReloader
INFO 2026-03-07 18:13:01,816 basehttp "GET /api/docs/ HTTP/1.1" 200 4659
INFO 2026-03-07 18:13:02,157 basehttp "GET /api/schema/ HTTP/1.1" 200 22473
INFO 2026-03-07 18:26:49,552 autoreload /Users/app/Desktop/Appointment Management System/clinicflow/settings.py changed, reloading.
INFO 2026-03-07 18:26:50,039 autoreload Watching for file changes with StatReloader
INFO 2026-03-07 18:26:52,450 autoreload /Users/app/Desktop/Appointment Management System/clinicflow/settings.py changed, reloading.
INFO 2026-03-07 18:26:52,859 autoreload Watching for file changes with StatReloader
INFO 2026-03-07 18:26:56,208 autoreload /Users/app/Desktop/Appointment Management System/clinicflow/settings.py changed, reloading.
INFO 2026-03-07 18:26:56,583 autoreload Watching for file changes with StatReloader
INFO 2026-03-07 18:26:58,925 autoreload /Users/app/Desktop/Appointment Management System/clinicflow/settings.py changed, reloading.
INFO 2026-03-07 18:26:59,297 autoreload Watching for file changes with StatReloader
INFO 2026-03-07 18:27:02,606 autoreload /Users/app/Desktop/Appointment Management System/clinicflow/settings.py changed, reloading.
INFO 2026-03-07 18:27:03,057 autoreload Watching for file changes with StatReloader
INFO 2026-03-07 18:27:09,509 autoreload /Users/app/Desktop/Appointment Management System/clinicflow/settings.py changed, reloading.
INFO 2026-03-07 18:27:09,962 autoreload Watching for file changes with StatReloader
INFO 2026-03-07 18:27:11,350 autoreload /Users/app/Desktop/Appointment Management System/clinicflow/settings.py changed, reloading.
INFO 2026-03-07 18:27:11,947 autoreload Watching for file changes with StatReloader
INFO 2026-03-07 18:27:20,525 autoreload /Users/app/Desktop/Appointment Management System/clinicflow/settings.py changed, reloading.
INFO 2026-03-07 18:27:21,019 autoreload Watching for file changes with StatReloader
INFO 2026-03-07 18:27:22,414 autoreload /Users/app/Desktop/Appointment Management System/clinicflow/settings.py changed, reloading.
INFO 2026-03-07 18:29:05,043 autoreload Watching for file changes with StatReloader
INFO 2026-03-07 18:29:12,445 basehttp "GET / HTTP/1.1" 200 55
INFO 2026-03-07 18:29:20,612 basehttp "GET /admin/ HTTP/1.1" 200 13982
INFO 2026-03-07 18:29:20,657 basehttp "GET /static/admin/css/dashboard.css HTTP/1.1" 304 0
INFO 2026-03-25 05:46:01,061 autoreload Watching for file changes with StatReloader
INFO 2026-03-25 05:46:06,091 basehttp "GET /admin/ HTTP/1.1" 302 0
INFO 2026-03-25 05:46:06,128 basehttp "GET /admin/login/?next=/admin/ HTTP/1.1" 200 4160
INFO 2026-03-25 05:46:06,163 basehttp "GET /static/admin/css/base.css HTTP/1.1" 304 0
INFO 2026-03-25 05:46:06,166 basehttp "GET /static/admin/css/dark_mode.css HTTP/1.1" 304 0
INFO 2026-03-25 05:46:06,167 basehttp "GET /static/admin/css/nav_sidebar.css HTTP/1.1" 304 0
INFO 2026-03-25 05:46:06,168 basehttp "GET /static/admin/css/login.css HTTP/1.1" 304 0
INFO 2026-03-25 05:46:06,170 basehttp "GET /static/admin/css/responsive.css HTTP/1.1" 304 0
INFO 2026-03-25 05:46:06,170 basehttp "GET /static/admin/js/theme.js HTTP/1.1" 304 0
INFO 2026-03-25 05:46:06,176 basehttp "GET /static/admin/js/nav_sidebar.js HTTP/1.1" 304 0
INFO 2026-03-25 05:46:06,178 basehttp "GET /static/admin/js/theme.js HTTP/1.1" 304 0
INFO 2026-03-25 05:46:06,180 basehttp "GET /static/admin/js/nav_sidebar.js HTTP/1.1" 304 0
WARNING 2026-03-25 05:46:06,459 log Not Found: /favicon.ico
WARNING 2026-03-25 05:46:06,459 basehttp "GET /favicon.ico HTTP/1.1" 404 3384
INFO 2026-03-25 05:46:24,990 basehttp "POST /admin/login/?next=/admin/ HTTP/1.1" 302 0
INFO 2026-03-25 05:46:25,042 basehttp "GET /admin/ HTTP/1.1" 200 13982
INFO 2026-03-25 05:46:25,107 basehttp "GET /static/admin/css/dashboard.css HTTP/1.1" 304 0
INFO 2026-03-25 05:46:25,116 basehttp "GET /static/admin/img/icon-addlink.svg HTTP/1.1" 304 0
INFO 2026-03-25 05:46:25,116 basehttp "GET /static/admin/img/icon-changelink.svg HTTP/1.1" 304 0
INFO 2026-03-25 05:46:34,423 basehttp "GET /admin/accounts/user/ HTTP/1.1" 200 16221
INFO 2026-03-25 05:46:34,457 basehttp "GET /static/admin/js/jquery.init.js HTTP/1.1" 304 0
INFO 2026-03-25 05:46:34,459 basehttp "GET /static/admin/css/changelists.css HTTP/1.1" 304 0
INFO 2026-03-25 05:46:34,459 basehttp "GET /static/admin/js/core.js HTTP/1.1" 304 0
INFO 2026-03-25 05:46:34,462 basehttp "GET /static/admin/js/admin/RelatedObjectLookups.js HTTP/1.1" 304 0
INFO 2026-03-25 05:46:34,467 basehttp "GET /static/admin/js/prepopulate.js HTTP/1.1" 304 0
INFO 2026-03-25 05:46:34,468 basehttp "GET /static/admin/js/core.js HTTP/1.1" 304 0
INFO 2026-03-25 05:46:34,473 basehttp "GET /static/admin/js/jquery.init.js HTTP/1.1" 304 0
INFO 2026-03-25 05:46:34,474 basehttp "GET /static/admin/js/admin/RelatedObjectLookups.js HTTP/1.1" 304 0
INFO 2026-03-25 05:46:34,475 basehttp "GET /static/admin/js/actions.js HTTP/1.1" 304 0
INFO 2026-03-25 05:46:34,476 basehttp "GET /static/admin/img/search.svg HTTP/1.1" 304 0
INFO 2026-03-25 05:46:34,477 basehttp "GET /static/admin/js/urlify.js HTTP/1.1" 304 0
INFO 2026-03-25 05:46:34,477 basehttp "GET /static/admin/js/prepopulate.js HTTP/1.1" 304 0
INFO 2026-03-25 05:46:34,482 basehttp "GET /static/admin/img/icon-yes.svg HTTP/1.1" 304 0
INFO 2026-03-25 05:46:34,482 basehttp "GET /static/admin/img/icon-no.svg HTTP/1.1" 304 0
INFO 2026-03-25 05:46:34,494 basehttp "GET /admin/jsi18n/ HTTP/1.1" 200 3342
INFO 2026-03-25 05:46:34,494 basehttp "GET /static/admin/js/vendor/jquery/jquery.js HTTP/1.1" 200 285314
INFO 2026-03-25 05:46:34,497 basehttp "GET /static/admin/js/vendor/xregexp/xregexp.js HTTP/1.1" 200 325171
INFO 2026-03-25 05:46:34,499 basehttp "GET /static/admin/js/urlify.js HTTP/1.1" 304 0
INFO 2026-03-25 05:46:34,502 basehttp "GET /static/admin/js/actions.js HTTP/1.1" 304 0
INFO 2026-03-25 05:46:34,503 basehttp "GET /static/admin/js/filters.js HTTP/1.1" 304 0
INFO 2026-03-25 05:46:34,509 basehttp "GET /static/admin/js/vendor/jquery/jquery.js HTTP/1.1" 200 285314
INFO 2026-03-25 05:46:34,510 basehttp "GET /static/admin/js/vendor/xregexp/xregexp.js HTTP/1.1" 200 325171
INFO 2026-03-25 05:46:34,526 basehttp "GET /static/admin/img/tooltag-add.svg HTTP/1.1" 304 0
INFO 2026-03-25 05:46:34,528 basehttp "GET /static/admin/img/icon-viewlink.svg HTTP/1.1" 304 0
INFO 2026-03-25 05:46:34,529 basehttp "GET /static/admin/img/sorting-icons.svg HTTP/1.1" 304 0
INFO 2026-03-25 05:46:34,530 basehttp "GET /admin/jsi18n/ HTTP/1.1" 200 3342
INFO 2026-03-25 05:46:34,770 basehttp "GET /static/admin/js/filters.js HTTP/1.1" 304 0
INFO 2026-03-25 05:46:39,485 basehttp "GET /admin/appointments/appointment/ HTTP/1.1" 200 16427
INFO 2026-03-25 05:46:39,533 basehttp "GET /admin/jsi18n/ HTTP/1.1" 200 3342
INFO 2026-03-25 05:46:45,225 basehttp "GET /admin/authtoken/tokenproxy/ HTTP/1.1" 200 11201
INFO 2026-03-25 05:46:48,040 basehttp "GET /admin/auth/group/ HTTP/1.1" 200 12419
INFO 2026-03-25 05:46:48,088 basehttp "GET /admin/jsi18n/ HTTP/1.1" 200 3342
INFO 2026-03-25 05:46:49,897 basehttp "GET /admin/auth/group/1/change/ HTTP/1.1" 200 17420
INFO 2026-03-25 05:46:49,930 basehttp "GET /static/admin/js/SelectBox.js HTTP/1.1" 304 0
INFO 2026-03-25 05:46:49,930 basehttp "GET /static/admin/css/forms.css HTTP/1.1" 304 0
INFO 2026-03-25 05:46:49,930 basehttp "GET /static/admin/js/prepopulate_init.js HTTP/1.1" 304 0
INFO 2026-03-25 05:46:49,931 basehttp "GET /static/admin/js/SelectFilter2.js HTTP/1.1" 304 0
INFO 2026-03-25 05:46:49,935 basehttp "GET /static/admin/css/widgets.css HTTP/1.1" 304 0
INFO 2026-03-25 05:46:49,940 basehttp "GET /static/admin/js/prepopulate_init.js HTTP/1.1" 304 0
INFO 2026-03-25 05:46:49,941 basehttp "GET /static/admin/js/change_form.js HTTP/1.1" 304 0
INFO 2026-03-25 05:46:49,942 basehttp "GET /static/admin/js/SelectBox.js HTTP/1.1" 200 4530
INFO 2026-03-25 05:46:49,943 basehttp "GET /static/admin/js/SelectFilter2.js HTTP/1.1" 200 15502
INFO 2026-03-25 05:46:49,952 basehttp "GET /admin/jsi18n/ HTTP/1.1" 200 3342
INFO 2026-03-25 05:46:49,969 basehttp "GET /static/admin/js/change_form.js HTTP/1.1" 200 606
INFO 2026-03-25 05:46:50,061 basehttp "GET /static/admin/img/icon-unknown.svg HTTP/1.1" 304 0
INFO 2026-03-25 05:46:50,061 basehttp "GET /static/admin/img/icon-unknown-alt.svg HTTP/1.1" 304 0
INFO 2026-03-25 05:46:50,062 basehttp "GET /static/admin/img/selector-icons.svg HTTP/1.1" 304 0
INFO 2026-03-25 05:46:52,542 basehttp "GET /admin/clinics/clinic/ HTTP/1.1" 200 13160
INFO 2026-03-25 05:46:52,591 basehttp "GET /admin/jsi18n/ HTTP/1.1" 200 3342
INFO 2026-03-25 05:46:55,242 basehttp "GET /admin/doctors/doctor/ HTTP/1.1" 200 14832
INFO 2026-03-25 05:46:55,293 basehttp "GET /admin/jsi18n/ HTTP/1.1" 200 3342
INFO 2026-03-25 05:46:59,321 basehttp "GET /admin/patients/patient/ HTTP/1.1" 200 13392
INFO 2026-03-25 05:46:59,367 basehttp "GET /admin/jsi18n/ HTTP/1.1" 200 3342
INFO 2026-03-25 05:47:24,648 basehttp "GET /admin/doctors/doctor/ HTTP/1.1" 200 14832
INFO 2026-03-25 05:47:24,699 basehttp "GET /admin/jsi18n/ HTTP/1.1" 200 3342
INFO 2026-03-25 05:47:33,391 basehttp "GET /admin/doctors/doctor/1/change/ HTTP/1.1" 200 17453
INFO 2026-03-25 05:47:33,432 basehttp "GET /static/admin/js/calendar.js HTTP/1.1" 304 0
INFO 2026-03-25 05:47:33,432 basehttp "GET /static/admin/js/admin/DateTimeShortcuts.js HTTP/1.1" 304 0
INFO 2026-03-25 05:47:33,444 basehttp "GET /static/admin/js/admin/DateTimeShortcuts.js HTTP/1.1" 304 0
INFO 2026-03-25 05:47:33,446 basehttp "GET /admin/jsi18n/ HTTP/1.1" 200 3342
INFO 2026-03-25 05:47:33,446 basehttp "GET /static/admin/js/calendar.js HTTP/1.1" 304 0
INFO 2026-03-25 05:47:33,525 basehttp "GET /static/admin/img/icon-clock.svg HTTP/1.1" 304 0
INFO 2026-03-25 05:47:40,597 basehttp "GET /admin/ HTTP/1.1" 200 13982
INFO 2026-03-25 05:55:47,593 basehttp "GET /admin/appointments/appointment/ HTTP/1.1" 200 16427
INFO 2026-03-25 05:55:47,651 basehttp "GET /admin/jsi18n/ HTTP/1.1" 200 3342
INFO 2026-03-25 05:55:49,433 basehttp "GET /admin/appointments/appointment/1/change/ HTTP/1.1" 200 18863
INFO 2026-03-25 05:55:49,491 basehttp "GET /admin/jsi18n/ HTTP/1.1" 200 3342
INFO 2026-03-25 05:55:49,584 basehttp "GET /static/admin/img/icon-calendar.svg HTTP/1.1" 200 1086
INFO 2026-03-25 05:55:57,087 basehttp "GET /admin/doctors/doctor/ HTTP/1.1" 200 14832
INFO 2026-03-25 05:55:57,141 basehttp "GET /admin/jsi18n/ HTTP/1.1" 200 3342
INFO 2026-03-25 05:55:59,703 basehttp "GET /admin/doctors/doctor/1/change/ HTTP/1.1" 200 17453
INFO 2026-03-25 05:55:59,754 basehttp "GET /admin/jsi18n/ HTTP/1.1" 200 3342
INFO 2026-03-25 05:56:14,063 basehttp "GET /admin/appointments/appointment/ HTTP/1.1" 200 16427
INFO 2026-03-25 05:56:14,111 basehttp "GET /admin/jsi18n/ HTTP/1.1" 200 3342
INFO 2026-03-25 05:56:16,812 basehttp "GET /admin/appointments/appointment/1/change/ HTTP/1.1" 200 18863
INFO 2026-03-25 05:56:16,861 basehttp "GET /admin/jsi18n/ HTTP/1.1" 200 3342
INFO 2026-03-25 06:13:28,395 autoreload /Users/app/Desktop/Appointment Management System/appointments/admin.py changed, reloading.
INFO 2026-03-25 06:13:28,975 autoreload Watching for file changes with StatReloader
INFO 2026-03-25 06:13:30,384 autoreload /Users/app/Desktop/Appointment Management System/appointments/admin.py changed, reloading.
INFO 2026-03-25 06:13:30,915 autoreload Watching for file changes with StatReloader
INFO 2026-03-25 06:13:53,853 autoreload /Users/app/Desktop/Appointment Management System/appointments/admin.py changed, reloading.
INFO 2026-03-25 06:13:54,397 autoreload Watching for file changes with StatReloader
INFO 2026-03-25 06:14:05,017 autoreload /Users/app/Desktop/Appointment Management System/appointments/admin.py changed, reloading.
INFO 2026-03-25 06:14:05,514 autoreload Watching for file changes with StatReloader
INFO 2026-03-25 06:14:37,091 autoreload Watching for file changes with StatReloader
INFO 2026-03-25 06:15:29,790 autoreload /Users/app/Desktop/Appointment Management System/appointments/admin.py changed, reloading.
INFO 2026-03-25 06:15:30,287 autoreload Watching for file changes with StatReloader
INFO 2026-03-25 06:15:45,974 basehttp "GET /admin/ HTTP/1.1" 200 15386
INFO 2026-03-25 06:15:50,406 basehttp "GET /admin/appointments/doctorschedule/ HTTP/1.1" 200 11876
INFO 2026-03-25 06:15:50,473 basehttp "GET /admin/jsi18n/ HTTP/1.1" 200 3342
INFO 2026-03-25 06:15:53,622 basehttp "GET /admin/appointments/doctorschedule/add/ HTTP/1.1" 200 17549
INFO 2026-03-25 06:15:53,683 basehttp "GET /admin/jsi18n/ HTTP/1.1" 200 3342
INFO 2026-03-25 06:15:55,689 basehttp "GET /admin/appointments/doctorschedule/ HTTP/1.1" 200 11876
INFO 2026-03-25 06:25:32,833 basehttp "GET /admin/appointments/doctorschedule/add/ HTTP/1.1" 200 17549
INFO 2026-03-25 06:25:32,904 basehttp "GET /admin/jsi18n/ HTTP/1.1" 200 3342
INFO 2026-03-25 06:26:45,239 basehttp "POST /admin/appointments/doctorschedule/add/ HTTP/1.1" 302 0
INFO 2026-03-25 06:26:45,283 basehttp "GET /admin/appointments/doctorschedule/ HTTP/1.1" 200 14395
INFO 2026-03-25 06:26:45,341 basehttp "GET /admin/jsi18n/ HTTP/1.1" 200 3342
